<?xml version="1.0" encoding="UTF-8"?>
<!-- Generated by org.testng.reporters.JUnitXMLReporter -->
<testsuite hostname="STI-D01-YOGESHA" ignored="1" name="Test" tests="2" failures="0" timestamp="29 Jan 2018 14:13:03 GMT" time="75.17" errors="0">
  <testcase name="HomePageNavigateTest" time="24.033" classname="com.pa.qa.testcases.TestCases"/>
  <testcase name="HomePageTest" time="11.841" classname="com.pa.qa.testcases.TestCases"/>
  <testcase name="LogInToApp" time="0.0" classname="com.pa.qa.testcases.TestCases">
    <ignored/>
  </testcase> <!-- LogInToApp -->
</testsuite> <!-- Test -->
