<?xml version="1.0" encoding="UTF-8"?>
<testsuite xmlns:xsi="http://www.w3.org/2001/XMLSchema-instance" xsi:noNamespaceSchemaLocation="https://maven.apache.org/surefire/maven-surefire-plugin/xsd/surefire-test-report.xsd" name="TestSuite" time="75.725" tests="2" errors="0" skipped="0" failures="0">
  <properties>
[...]
</properties>
  <testcase name="HomePageNavigateTest" classname="com.pa.qa.testcases.TestCases" time="24.033"/>
  <testcase name="HomePageTest" classname="com.pa.qa.testcases.TestCases" time="11.842"/>
</testsuite>